0 info it worked if it ends with ok
1 verbose cli [ '/Users/rhysdiab/.nvm/versions/node/v7.4.0/bin/node',
1 verbose cli   '/Users/rhysdiab/.nvm/versions/node/v7.4.0/bin/npm',
1 verbose cli   'run',
1 verbose cli   'watch' ]
2 info using npm@4.0.5
3 info using node@v7.4.0
4 verbose run-script [ 'prewatch', 'watch', 'postwatch' ]
5 info lifecycle cotd@0.0.1~prewatch: cotd@0.0.1
6 silly lifecycle cotd@0.0.1~prewatch: no script for prewatch, continuing
7 info lifecycle cotd@0.0.1~watch: cotd@0.0.1
8 verbose lifecycle cotd@0.0.1~watch: unsafe-perm in lifecycle true
9 verbose lifecycle cotd@0.0.1~watch: PATH: /Users/rhysdiab/.nvm/versions/node/v7.4.0/lib/node_modules/npm/bin/node-gyp-bin:/Users/rhysdiab/Desktop/Coding-Courses/react-original/React-For-Beginners-Starter-Files/stepped-solutions/Final Codebase/node_modules/.bin:/Users/rhysdiab/.nvm/versions/node/v7.4.0/bin:/Users/rhysdiab/.rvm/gems/ruby-2.3.1/bin:/Users/rhysdiab/.rvm/gems/ruby-2.3.1@global/bin:/Users/rhysdiab/.rvm/rubies/ruby-2.3.1/bin:/usr/local/bin:/usr/bin:/bin:/usr/sbin:/sbin:/Users/rhysdiab/.rvm/bin:/Applications/Postgres.app/Contents/Versions/latest/bin
10 verbose lifecycle cotd@0.0.1~watch: CWD: /Users/rhysdiab/Desktop/Coding-Courses/react-original/React-For-Beginners-Starter-Files/stepped-solutions/Final Codebase
11 silly lifecycle cotd@0.0.1~watch: Args: [ '-c',
11 silly lifecycle   'concurrently --names \'webpack, stylus\' --prefix name \'npm run start\' \'npm run styles:watch\'' ]
12 info lifecycle cotd@0.0.1~watch: Failed to exec watch script
13 verbose stack Error: cotd@0.0.1 watch: `concurrently --names 'webpack, stylus' --prefix name 'npm run start' 'npm run styles:watch'`
13 verbose stack spawn ENOENT
13 verbose stack     at ChildProcess.<anonymous> (/Users/rhysdiab/.nvm/versions/node/v7.4.0/lib/node_modules/npm/lib/utils/spawn.js:33:16)
13 verbose stack     at emitTwo (events.js:106:13)
13 verbose stack     at ChildProcess.emit (events.js:191:7)
13 verbose stack     at maybeClose (internal/child_process.js:885:16)
13 verbose stack     at Process.ChildProcess._handle.onexit (internal/child_process.js:226:5)
14 verbose pkgid cotd@0.0.1
15 verbose cwd /Users/rhysdiab/Desktop/Coding-Courses/react-original/React-For-Beginners-Starter-Files/stepped-solutions/Final Codebase
16 error Darwin 14.5.0
17 error argv "/Users/rhysdiab/.nvm/versions/node/v7.4.0/bin/node" "/Users/rhysdiab/.nvm/versions/node/v7.4.0/bin/npm" "run" "watch"
18 error node v7.4.0
19 error npm  v4.0.5
20 error file sh
21 error code ELIFECYCLE
22 error errno ENOENT
23 error syscall spawn
24 error cotd@0.0.1 watch: `concurrently --names 'webpack, stylus' --prefix name 'npm run start' 'npm run styles:watch'`
24 error spawn ENOENT
25 error Failed at the cotd@0.0.1 watch script 'concurrently --names 'webpack, stylus' --prefix name 'npm run start' 'npm run styles:watch''.
25 error Make sure you have the latest version of node.js and npm installed.
25 error If you do, this is most likely a problem with the cotd package,
25 error not with npm itself.
25 error Tell the author that this fails on your system:
25 error     concurrently --names 'webpack, stylus' --prefix name 'npm run start' 'npm run styles:watch'
25 error You can get information on how to open an issue for this project with:
25 error     npm bugs cotd
25 error Or if that isn't available, you can get their info via:
25 error     npm owner ls cotd
25 error There is likely additional logging output above.
26 verbose exit [ 1, true ]
